<?xml version="1.0" encoding="UTF-8"?>
<!-- Generated by org.testng.reporters.JUnitReportReporter -->
<testsuite hostname="DESKTOP-OEE7BVT" failures="0" tests="1" name="cucumberOptions.TestNGTestRunner" time="5.624" errors="1" timestamp="2024-02-19T18:11:20 IST" skipped="0">
  <testcase classname="cucumberOptions.TestNGTestRunner" name="runScenario" time="5.624">
    <error message="Cannot invoke &quot;org.openqa.selenium.WebDriver.findElement(org.openqa.selenium.By)&quot; because &quot;this.driver&quot; is null" type="java.lang.NullPointerException">
      <![CDATA[java.lang.NullPointerException: Cannot invoke "org.openqa.selenium.WebDriver.findElement(org.openqa.selenium.By)" because "this.driver" is null
at pageObjects.AccountSuccessPage.confirmSuccessMessage(AccountSuccessPage.java:21)
at stepDefinations.AccountSuccessPageStepDefination.the_message_is_displayed(AccountSuccessPageStepDefination.java:24)
at âœ½.the "Your Account Has Been Created!" message is displayed(file:///E:/Java%20Eclipse%20Workspace/OpencartCucumberBDD/src/test/java/features/accountRegister.feature:17)
]]>
    </error>
  </testcase> <!-- runScenario -->
  <system-out/>
</testsuite> <!-- cucumberOptions.TestNGTestRunner -->
